# JRE version: OpenJDK Runtime Environment (8.0_152-b02) (build 1.8.0_152-release-1024-b02)
# Java VM: OpenJDK 64-Bit Server VM (25.152-b02 mixed mode windows-amd64 compressed oops)
Heap:
 PSYoungGen      total 191488K, used 184431K [0x00000000e0000000, 0x00000000ee900000, 0x0000000100000000)
  eden space 164864K, 100% used [0x00000000e0000000,0x00000000ea100000,0x00000000ea100000)
  from space 26624K, 73% used [0x00000000ea100000,0x00000000eb41be90,0x00000000ebb00000)
  to   space 27648K, 77% used [0x00000000ece00000,0x00000000ee2fdaf0,0x00000000ee900000)
 ParOldGen       total 164864K, used 46401K [0x00000000a0000000, 0x00000000aa100000, 0x00000000e0000000)
  object space 164864K, 28% used [0x00000000a0000000,0x00000000a2d50628,0x00000000aa100000)
 Metaspace       used 91851K, capacity 96348K, committed 96512K, reserved 1132544K
  class space    used 12024K, capacity 13053K, committed 13056K, reserved 1048576K
GC Heap History (10 events):
Event: 95.609 GC heap after
Heap after GC invocations=24 (full 3):
 PSYoungGen      total 143360K, used 18594K [0x00000000e0000000, 0x00000000ec400000, 0x0000000100000000)
  eden space 115712K, 0% used [0x00000000e0000000,0x00000000e0000000,0x00000000e7100000)
  from space 27648K, 67% used [0x00000000e7100000,0x00000000e83288d0,0x00000000e8c00000)
  to   space 28160K, 0% used [0x00000000ea880000,0x00000000ea880000,0x00000000ec400000)
 ParOldGen       total 164864K, used 45031K [0x00000000a0000000, 0x00000000aa100000, 0x00000000e0000000)
  object space 164864K, 27% used [0x00000000a0000000,0x00000000a2bf9d28,0x00000000aa100000)
 Metaspace       used 72309K, capacity 75420K, committed 75520K, reserved 1114112K
  class space    used 9735K, capacity 10487K, committed 10496K, reserved 1048576K
}
Event: 152.340 GC heap before
{Heap before GC invocations=25 (full 3):
 PSYoungGen      total 143360K, used 134306K [0x00000000e0000000, 0x00000000ec400000, 0x0000000100000000)
  eden space 115712K, 100% used [0x00000000e0000000,0x00000000e7100000,0x00000000e7100000)
  from space 27648K, 67% used [0x00000000e7100000,0x00000000e83288d0,0x00000000e8c00000)
  to   space 28160K, 0% used [0x00000000ea880000,0x00000000ea880000,0x00000000ec400000)
 ParOldGen       total 164864K, used 45031K [0x00000000a0000000, 0x00000000aa100000, 0x00000000e0000000)
  object space 164864K, 27% used [0x00000000a0000000,0x00000000a2bf9d28,0x00000000aa100000)
 Metaspace       used 76879K, capacity 80276K, committed 80384K, reserved 1118208K
  class space    used 10190K, capacity 11007K, committed 11008K, reserved 1048576K
Event: 152.364 GC heap after
Heap after GC invocations=25 (full 3):
 PSYoungGen      total 167424K, used 16840K [0x00000000e0000000, 0x00000000ec200000, 0x0000000100000000)
  eden space 141312K, 0% used [0x00000000e0000000,0x00000000e0000000,0x00000000e8a00000)
  from space 26112K, 64% used [0x00000000ea880000,0x00000000eb8f2128,0x00000000ec200000)
  to   space 28672K, 0% used [0x00000000e8a00000,0x00000000e8a00000,0x00000000ea600000)
 ParOldGen       total 164864K, used 45039K [0x00000000a0000000, 0x00000000aa100000, 0x00000000e0000000)
  object space 164864K, 27% used [0x00000000a0000000,0x00000000a2bfbd28,0x00000000aa100000)
 Metaspace       used 76879K, capacity 80276K, committed 80384K, reserved 1118208K
  class space    used 10190K, capacity 11007K, committed 11008K, reserved 1048576K
}
Event: 181.804 GC heap before
{Heap before GC invocations=26 (full 3):
 PSYoungGen      total 167424K, used 158152K [0x00000000e0000000, 0x00000000ec200000, 0x0000000100000000)
  eden space 141312K, 100% used [0x00000000e0000000,0x00000000e8a00000,0x00000000e8a00000)
  from space 26112K, 64% used [0x00000000ea880000,0x00000000eb8f2128,0x00000000ec200000)
  to   space 28672K, 0% used [0x00000000e8a00000,0x00000000e8a00000,0x00000000ea600000)
 ParOldGen       total 164864K, used 45039K [0x00000000a0000000, 0x00000000aa100000, 0x00000000e0000000)
  object space 164864K, 27% used [0x00000000a0000000,0x00000000a2bfbd28,0x00000000aa100000)
 Metaspace       used 78783K, capacity 82528K, committed 82816K, reserved 1120256K
  class space    used 10443K, capacity 11331K, committed 11392K, reserved 1048576K
Event: 181.857 GC heap after
Heap after GC invocations=26 (full 3):
 PSYoungGen      total 169984K, used 15695K [0x00000000e0000000, 0x00000000edc00000, 0x0000000100000000)
  eden space 141312K, 0% used [0x00000000e0000000,0x00000000e0000000,0x00000000e8a00000)
  from space 28672K, 54% used [0x00000000e8a00000,0x00000000e9953ea0,0x00000000ea600000)
  to   space 28160K, 0% used [0x00000000ec080000,0x00000000ec080000,0x00000000edc00000)
 ParOldGen       total 164864K, used 45047K [0x00000000a0000000, 0x00000000aa100000, 0x00000000e0000000)
  object space 164864K, 27% used [0x00000000a0000000,0x00000000a2bfdd28,0x00000000aa100000)
 Metaspace       used 78783K, capacity 82528K, committed 82816K, reserved 1120256K
  class space    used 10443K, capacity 11331K, committed 11392K, reserved 1048576K
}
Event: 499.576 GC heap before
{Heap before GC invocations=27 (full 3):
 PSYoungGen      total 169984K, used 157007K [0x00000000e0000000, 0x00000000edc00000, 0x0000000100000000)
  eden space 141312K, 100% used [0x00000000e0000000,0x00000000e8a00000,0x00000000e8a00000)
  from space 28672K, 54% used [0x00000000e8a00000,0x00000000e9953ea0,0x00000000ea600000)
  to   space 28160K, 0% used [0x00000000ec080000,0x00000000ec080000,0x00000000edc00000)
 ParOldGen       total 164864K, used 45047K [0x00000000a0000000, 0x00000000aa100000, 0x00000000e0000000)
  object space 164864K, 27% used [0x00000000a0000000,0x00000000a2bfdd28,0x00000000aa100000)
 Metaspace       used 79203K, capacity 83196K, committed 83456K, reserved 1122304K
  class space    used 10480K, capacity 11419K, committed 11520K, reserved 1048576K
Event: 499.611 GC heap after
Heap after GC invocations=27 (full 3):
 PSYoungGen      total 185856K, used 13869K [0x00000000e0000000, 0x00000000ed500000, 0x0000000100000000)
  eden space 164864K, 0% used [0x00000000e0000000,0x00000000e0000000,0x00000000ea100000)
  from space 20992K, 66% used [0x00000000ec080000,0x00000000ece0b510,0x00000000ed500000)
  to   space 26624K, 0% used [0x00000000ea100000,0x00000000ea100000,0x00000000ebb00000)
 ParOldGen       total 164864K, used 46385K [0x00000000a0000000, 0x00000000aa100000, 0x00000000e0000000)
  object space 164864K, 28% used [0x00000000a0000000,0x00000000a2d4c628,0x00000000aa100000)
 Metaspace       used 79203K, capacity 83196K, committed 83456K, reserved 1122304K
  class space    used 10480K, capacity 11419K, committed 11520K, reserved 1048576K
}
Event: 526.992 GC heap before
{Heap before GC invocations=28 (full 3):
 PSYoungGen      total 185856K, used 178733K [0x00000000e0000000, 0x00000000ed500000, 0x0000000100000000)
  eden space 164864K, 100% used [0x00000000e0000000,0x00000000ea100000,0x00000000ea100000)
  from space 20992K, 66% used [0x00000000ec080000,0x00000000ece0b510,0x00000000ed500000)
  to   space 26624K, 0% used [0x00000000ea100000,0x00000000ea100000,0x00000000ebb00000)
 ParOldGen       total 164864K, used 46385K [0x00000000a0000000, 0x00000000aa100000, 0x00000000e0000000)
  object space 164864K, 28% used [0x00000000a0000000,0x00000000a2d4c628,0x00000000aa100000)
 Metaspace       used 80611K, capacity 84706K, committed 84864K, reserved 1122304K
  class space    used 10593K, capacity 11536K, committed 11648K, reserved 1048576K
Event: 527.076 GC heap after
Heap after GC invocations=28 (full 3):
 PSYoungGen      total 191488K, used 19567K [0x00000000e0000000, 0x00000000ee900000, 0x0000000100000000)
  eden space 164864K, 0% used [0x00000000e0000000,0x00000000e0000000,0x00000000ea100000)
  from space 26624K, 73% used [0x00000000ea100000,0x00000000eb41be90,0x00000000ebb00000)
  to   space 27648K, 0% used [0x00000000ece00000,0x00000000ece00000,0x00000000ee900000)
 ParOldGen       total 164864K, used 46393K [0x00000000a0000000, 0x00000000aa100000, 0x00000000e0000000)
  object space 164864K, 28% used [0x00000000a0000000,0x00000000a2d4e628,0x00000000aa100000)
 Metaspace       used 80611K, capacity 84706K, committed 84864K, reserved 1122304K
  class space    used 10593K, capacity 11536K, committed 11648K, reserved 1048576K
}
Event: 1198.418 GC heap before
{Heap before GC invocations=29 (full 3):
 PSYoungGen      total 191488K, used 184431K [0x00000000e0000000, 0x00000000ee900000, 0x0000000100000000)
  eden space 164864K, 100% used [0x00000000e0000000,0x00000000ea100000,0x00000000ea100000)
  from space 26624K, 73% used [0x00000000ea100000,0x00000000eb41be90,0x00000000ebb00000)
  to   space 27648K, 0% used [0x00000000ece00000,0x00000000ece00000,0x00000000ee900000)
 ParOldGen       total 164864K, used 46393K [0x00000000a0000000, 0x00000000aa100000, 0x00000000e0000000)
  object space 164864K, 28% used [0x00000000a0000000,0x00000000a2d4e628,0x00000000aa100000)
 Metaspace       used 91851K, capacity 96348K, committed 96512K, reserved 1132544K
  class space    used 12024K, capacity 13053K, committed 13056K, reserved 1048576K

